<?xml version="1.0" encoding="UTF-8"?>
<!-- Generated by org.testng.reporters.JUnitReportReporter -->
<testsuite hostname="DESKTOP-7K5SAQT" failures="0" tests="1" name="testngpack.Sumo" time="0.016" errors="0" timestamp="2022-06-06T09:35:02 IST" skipped="0">
  <testcase classname="testngpack.Sumo" name="f" time="0.016"/>
  <system-out>
    <![CDATA[sumo class method]]>
  </system-out>
</testsuite> <!-- testngpack.Sumo -->
