<?xml version="1.0" encoding="UTF-8"?>
<!-- Generated by org.testng.reporters.JUnitReportReporter -->
<testsuite hostname="DESKTOP-7K5SAQT" failures="0" tests="1" name="testngpack.Remo" time="0.004" errors="0" timestamp="2022-06-04T08:50:13 IST" skipped="0">
  <testcase classname="testngpack.Remo" name="f" time="0.004"/>
  <system-out>
    <![CDATA[remo class method]]>
  </system-out>
</testsuite> <!-- testngpack.Remo -->
