<?xml version="1.0" encoding="UTF-8"?>
<!-- Generated by org.testng.reporters.JUnitReportReporter -->
<testsuite hostname="DESKTOP-7K5SAQT" failures="0" tests="18" name="Falg.falg7" time="0.076" errors="0" timestamp="2022-06-06T09:31:20 IST" skipped="0">
  <testcase classname="Falg.falg7" name="ft3" time="0.006"/>
  <system-out>
    <![CDATA[ft3]]>
  </system-out>
  <testcase classname="Falg.falg7" name="it4" time="0.003"/>
  <system-out>
    <![CDATA[it4]]>
  </system-out>
  <testcase classname="Falg.falg7" name="it6" time="0.004"/>
  <system-out>
    <![CDATA[it6]]>
  </system-out>
  <testcase classname="Falg.falg7" name="it2" time="0.002"/>
  <system-out>
    <![CDATA[it2]]>
  </system-out>
  <testcase classname="Falg.falg7" name="it5" time="0.004"/>
  <system-out>
    <![CDATA[it5]]>
  </system-out>
  <testcase classname="Falg.falg7" name="st3" time="0.002"/>
  <system-out>
    <![CDATA[st3]]>
  </system-out>
  <testcase classname="Falg.falg7" name="ft2" time="0.005"/>
  <system-out>
    <![CDATA[ft2]]>
  </system-out>
  <testcase classname="Falg.falg7" name="ft5" time="0.004"/>
  <system-out>
    <![CDATA[ft5]]>
  </system-out>
  <testcase classname="Falg.falg7" name="st2" time="0.002"/>
  <system-out>
    <![CDATA[st2]]>
  </system-out>
  <testcase classname="Falg.falg7" name="it3" time="0.003"/>
  <system-out>
    <![CDATA[it3]]>
  </system-out>
  <testcase classname="Falg.falg7" name="st4" time="0.002"/>
  <system-out>
    <![CDATA[st4]]>
  </system-out>
  <testcase classname="Falg.falg7" name="it1" time="0.003"/>
  <system-out>
    <![CDATA[it1]]>
  </system-out>
  <testcase classname="Falg.falg7" name="st6" time="0.001"/>
  <system-out>
    <![CDATA[st6]]>
  </system-out>
  <testcase classname="Falg.falg7" name="st5" time="0.004"/>
  <system-out>
    <![CDATA[st5]]>
  </system-out>
  <testcase classname="Falg.falg7" name="ft1" time="0.023"/>
  <system-out>
    <![CDATA[ft1]]>
  </system-out>
  <testcase classname="Falg.falg7" name="ft6" time="0.002"/>
  <system-out>
    <![CDATA[ft6]]>
  </system-out>
  <testcase classname="Falg.falg7" name="st1" time="0.002"/>
  <system-out>
    <![CDATA[st1]]>
  </system-out>
  <testcase classname="Falg.falg7" name="ft4" time="0.004"/>
  <system-out>
    <![CDATA[ft4]]>
  </system-out>
</testsuite> <!-- Falg.falg7 -->
